#
# A fatal error has been detected by the Java Runtime Environment:
#
#  EXCEPTION_ACCESS_VIOLATION (0xc0000005) at pc=0x0000000077898855, pid=6628, tid=328
#
# JRE version: Java(TM) SE Runtime Environment (8.0_65-b17) (build 1.8.0_65-b17)
# Java VM: Java HotSpot(TM) 64-Bit Server VM (25.65-b01 mixed mode windows-amd64 compressed oops)
# Problematic frame:
# V  [jvm.dll+0x128855]
#
# Failed to write core dump. Minidumps are not enabled by default on client versions of Windows
#
# If you would like to submit a bug report, please visit:
#   http://bugreport.java.com/bugreport/crash.jsp
#

---------------  T H R E A D  ---------------

Current thread (0x000000001e61e000):  JavaThread "JDWP Transport Listener: dt_socket" daemon [_thread_in_vm, id=328, stack(0x000000001ebc0000,0x000000001ecc0000)]

siginfo: ExceptionCode=0xc0000005, reading address 0xffffffffffffffff

Registers:
RAX=0x000000001ecbf501, RBX=0x000000001e61e000, RCX=0x003b70756f724764, RDX=0x0000000000000000
RSP=0x000000001ecbf510, RBP=0x003b70756f724764, RSI=0x000000001ecbf628, RDI=0x00000000032ca6e0
R8 =0x000000001e61e000, R9 =0x0000000000008000, R10=0x0000000000000000, R11=0x000000001ecbf7c2
R12=0x0000000000000000, R13=0x000000001e61b928, R14=0x0000000000000000, R15=0x0000000000000000
RIP=0x0000000077898855, EFLAGS=0x0000000000010202

Top of Stack: (sp=0x000000001ecbf510)
0x000000001ecbf510:   000000001e61e000 000000001e61e000
0x000000001ecbf520:   000000001ecbf5d8 0000000077a9e19b
0x000000001ecbf530:   000000001e61e000 0000000077aba9fd
0x000000001ecbf540:   0000000000000000 00000000774f9155
0x000000001ecbf550:   000000001e826b50 000000007750291e
0x000000001ecbf560:   000000001e61e000 0000000000000000
0x000000001ecbf570:   0000000000000000 0000000000000000
0x000000001ecbf580:   003b70756f724764 0000000077501a15
0x000000001ecbf590:   000000001ecbf628 000000001ecbf600
0x000000001ecbf5a0:   0000000000000001 000000001e826b50
0x000000001ecbf5b0:   003b70756f724764 00000000774e53b3
0x000000001ecbf5c0:   000000001ecbf6f0 0000000000000001
0x000000001ecbf5d0:   0000000000000001 000000001e826b50
0x000000001ecbf5e0:   0000000000000001 0000000000000000
0x000000001ecbf5f0:   0000000000000000 0000000000000000
0x000000001ecbf600:   0000000000000001 00000000774e5571 

Instructions: (pc=0x0000000077898855)
0x0000000077898835:   cc cc cc cc cc cc cc cc cc cc cc 48 83 ec 28 48
0x0000000077898845:   85 c9 75 07 33 c0 48 83 c4 28 c3 48 89 5c 24 20
0x0000000077898855:   48 8b 19 48 85 db 74 20 48 83 fb 37 74 1a 48 8b
0x0000000077898865:   13 48 8b cb ff 52 10 84 c0 74 0d 48 8b c3 48 8b 


Register to memory mapping:

RAX=0x000000001ecbf501 is pointing into the stack for thread: 0x000000001e61e000
RBX=0x000000001e61e000 is a thread
RCX=0x003b70756f724764 is an unknown value
RDX=0x0000000000000000 is an unknown value
RSP=0x000000001ecbf510 is pointing into the stack for thread: 0x000000001e61e000
RBP=0x003b70756f724764 is an unknown value
RSI=0x000000001ecbf628 is pointing into the stack for thread: 0x000000001e61e000
RDI=0x00000000032ca6e0 is an unknown value
R8 =0x000000001e61e000 is a thread
R9 =0x0000000000008000 is an unknown value
R10=0x0000000000000000 is an unknown value
R11=0x000000001ecbf7c2 is pointing into the stack for thread: 0x000000001e61e000
R12=0x0000000000000000 is an unknown value
R13=0x000000001e61b928 is an unknown value
R14=0x0000000000000000 is an unknown value
R15=0x0000000000000000 is an unknown value


Stack: [0x000000001ebc0000,0x000000001ecc0000],  sp=0x000000001ecbf510,  free space=1021k
Native frames: (J=compiled Java code, j=interpreted, Vv=VM code, C=native code)
V  [jvm.dll+0x128855]
V  [jvm.dll+0x34a9fd]
C  [jdwp.dll+0x21a15]
C  [jdwp.dll+0x53b3]
C  [jdwp.dll+0x5571]
C  [jdwp.dll+0xf0a8]
C  [jdwp.dll+0x1f2d5]
C  [jdwp.dll+0x1f4aa]
V  [jvm.dll+0x1bb8f8]
V  [jvm.dll+0x243144]
V  [jvm.dll+0x299f7a]
C  [msvcr100.dll+0x21d9f]
C  [msvcr100.dll+0x21e3b]
C  [KERNEL32.DLL+0x13034]
C  [ntdll.dll+0x71551]


---------------  P R O C E S S  ---------------

Java Threads: ( => current thread )
  0x000000001e7cd800 JavaThread "ReaderThread" [_thread_in_native, id=15320, stack(0x000000001fbc0000,0x000000001fcc0000)]
  0x000000001e805800 JavaThread "Service Thread" daemon [_thread_blocked, id=3608, stack(0x000000001f1c0000,0x000000001f2c0000)]
  0x000000001e7a0000 JavaThread "C1 CompilerThread2" daemon [_thread_blocked, id=11064, stack(0x000000001f0c0000,0x000000001f1c0000)]
  0x000000001e83a800 JavaThread "C2 CompilerThread1" daemon [_thread_blocked, id=9852, stack(0x000000001efc0000,0x000000001f0c0000)]
  0x000000001e757800 JavaThread "C2 CompilerThread0" daemon [_thread_blocked, id=3300, stack(0x000000001eec0000,0x000000001efc0000)]
  0x000000001e623800 JavaThread "JDWP Command Reader" daemon [_thread_in_native, id=6024, stack(0x000000001edc0000,0x000000001eec0000)]
  0x000000001e622800 JavaThread "JDWP Event Helper Thread" daemon [_thread_blocked, id=8404, stack(0x000000001ecc0000,0x000000001edc0000)]
=>0x000000001e61e000 JavaThread "JDWP Transport Listener: dt_socket" daemon [_thread_in_vm, id=328, stack(0x000000001ebc0000,0x000000001ecc0000)]
  0x000000001cbe3800 JavaThread "Attach Listener" daemon [_thread_blocked, id=2688, stack(0x000000001eac0000,0x000000001ebc0000)]
  0x000000001e5cb800 JavaThread "Signal Dispatcher" daemon [_thread_blocked, id=880, stack(0x000000001e9c0000,0x000000001eac0000)]
  0x00000000033ca800 JavaThread "Finalizer" daemon [_thread_blocked, id=11828, stack(0x000000001e460000,0x000000001e560000)]
  0x00000000033c4000 JavaThread "Reference Handler" daemon [_thread_blocked, id=10940, stack(0x000000001e360000,0x000000001e460000)]
  0x00000000032ce800 JavaThread "main" [_thread_blocked, id=14120, stack(0x0000000002c90000,0x0000000002d90000)]

Other Threads:
  0x000000001cb98000 VMThread [stack: 0x000000001e260000,0x000000001e360000] [id=7092]
  0x000000001e78f000 WatcherThread [stack: 0x000000001f2c0000,0x000000001f3c0000] [id=14136]

VM state:not at safepoint (normal execution)

VM Mutex/Monitor currently owned by a thread: None

Heap:
 PSYoungGen      total 76288K, used 21027K [0x000000076b500000, 0x0000000770a00000, 0x00000007c0000000)
  eden space 65536K, 32% used [0x000000076b500000,0x000000076c988f48,0x000000076f500000)
  from space 10752K, 0% used [0x000000076ff80000,0x000000076ff80000,0x0000000770a00000)
  to   space 10752K, 0% used [0x000000076f500000,0x000000076f500000,0x000000076ff80000)
 ParOldGen       total 175104K, used 0K [0x00000006c1e00000, 0x00000006cc900000, 0x000000076b500000)
  object space 175104K, 0% used [0x00000006c1e00000,0x00000006c1e00000,0x00000006cc900000)
 Metaspace       used 6871K, capacity 7006K, committed 7168K, reserved 1056768K
  class space    used 744K, capacity 756K, committed 768K, reserved 1048576K

Card table byte_map: [0x0000000012790000,0x0000000012f90000] byte_map_base: 0x000000000f181000

Marking Bits: (ParMarkBitMap*) 0x0000000077f7a5b0
 Begin Bits: [0x0000000013ae0000, 0x0000000017a68000)
 End Bits:   [0x0000000017a68000, 0x000000001b9f0000)

Polling page: 0x00000000010e0000

CodeCache: size=245760Kb used=2516Kb max_used=2527Kb free=243243Kb
 bounds [0x00000000033d0000, 0x0000000003650000, 0x00000000123d0000]
 total_blobs=721 nmethods=414 adapters=228
 compilation: enabled

Compilation events (10 events):
Event: 2.474 Thread 0x000000001e7a0000 nmethod 408 0x0000000003641d50 code [0x0000000003641ec0, 0x00000000036420f0]
Event: 2.474 Thread 0x000000001e7a0000  409       3       java.util.LinkedHashMap::afterNodeInsertion (40 bytes)
Event: 2.474 Thread 0x000000001e7a0000 nmethod 409 0x0000000003644d10 code [0x0000000003644ea0, 0x00000000036453e8]
Event: 2.474 Thread 0x000000001e7a0000  410       1       java.util.LinkedHashMap::removeEldestEntry (2 bytes)
Event: 2.474 Thread 0x000000001e7a0000 nmethod 410 0x0000000003635190 code [0x00000000036352e0, 0x00000000036353f0]
Event: 2.474 Thread 0x000000001e7a0000  413  s    3       java.lang.StringBuffer::toString (36 bytes)
Event: 2.474 Thread 0x000000001e7a0000 nmethod 413 0x0000000003645590 code [0x0000000003645720, 0x0000000003645bc8]
Event: 2.474 Thread 0x000000001e7a0000  414       3       java.lang.StringBuffer::<init> (6 bytes)
Event: 2.474 Thread 0x000000001e7a0000 nmethod 414 0x0000000003641810 code [0x0000000003641980, 0x0000000003641c30]
Event: 2.474 Thread 0x000000001e757800 nmethod 412 0x0000000003648b50 code [0x0000000003648ca0, 0x0000000003648ed8]

GC Heap History (0 events):
No events

Deoptimization events (2 events):
Event: 0.468 Thread 0x00000000032ce800 Uncommon trap: reason=unstable_if action=reinterpret pc=0x000000000355d28c method=org.eclipse.jdt.launching.internal.org.objectweb.asm.ClassReader.readUTF(II[C)Ljava/lang/String; @ 41
Event: 0.468 Thread 0x00000000032ce800 Uncommon trap: reason=unstable_if action=reinterpret pc=0x000000000356354c method=org.eclipse.jdt.launching.internal.org.objectweb.asm.ByteVector.putUTF8(Ljava/lang/String;)Lorg/eclipse/jdt/launching/internal/org/objectweb/asm/ByteVector; @ 98

Internal exceptions (6 events):
Event: 0.037 Thread 0x00000000032ce800 Exception <a 'java/lang/NoSuchMethodError': Method sun.misc.Unsafe.defineClass(Ljava/lang/String;[BII)Ljava/lang/Class; name or signature does not match> (0x000000076b513028) thrown at [C:\workspace\8-2-build-windows-amd64-cygwin\jdk8u65\4987\hotspot\src\s4tWN¶ñ¢?
Event: 0.037 Thread 0x00000000032ce800 Exception <a 'java/lang/NoSuchMethodError': Method sun.misc.Unsafe.prefetchRead(Ljava/lang/Object;J)V name or signature does not match> (0x000000076b513310) thrown at [C:\workspace\8-2-build-windows-amd64-cygwin\jdk8u65\4987\hotspot\src\share\vm\prims\jni.ú×Ø½$´Ý?
Event: 0.464 Thread 0x00000000032ce800 Exception <a 'java/security/PrivilegedActionException'> (0x000000076c0b2d38) thrown at [C:\workspace\8-2-build-windows-amd64-cygwin\jdk8u65\4987\hotspot\src\share\vm\prims\jvm.cpp, line 1386]
Event: 0.464 Thread 0x00000000032ce800 Exception <a 'java/security/PrivilegedActionException'> (0x000000076c0b3130) thrown at [C:\workspace\8-2-build-windows-amd64-cygwin\jdk8u65\4987\hotspot\src\share\vm\prims\jvm.cpp, line 1386]
Event: 0.465 Thread 0x00000000032ce800 Exception <a 'java/security/PrivilegedActionException'> (0x000000076c0b5408) thrown at [C:\workspace\8-2-build-windows-amd64-cygwin\jdk8u65\4987\hotspot\src\share\vm\prims\jvm.cpp, line 1386]
Event: 0.465 Thread 0x00000000032ce800 Exception <a 'java/security/PrivilegedActionException'> (0x000000076c0b5800) thrown at [C:\workspace\8-2-build-windows-amd64-cygwin\jdk8u65\4987\hotspot\src\share\vm\prims\jvm.cpp, line 1386]

Events (10 events):
Event: 36.029 Executing VM operation: RevokeBias
Event: 36.029 Executing VM operation: RevokeBias done
Event: 36.029 Thread 0x000000001e61e000 DEOPT PACKING pc=0x00000000035dede4 sp=0x000000001ecbb280
Event: 36.029 Thread 0x000000001e61e000 DEOPT UNPACKING pc=0x000000000341787f sp=0x000000001ecbb0a8 mode 1
Event: 36.029 Executing VM operation: RevokeBias
Event: 36.029 Executing VM operation: RevokeBias done
Event: 36.029 Thread 0x000000001e61e000 DEOPT PACKING pc=0x00000000035deb7c sp=0x000000001ecbb410
Event: 36.029 Thread 0x000000001e61e000 DEOPT UNPACKING pc=0x000000000341787f sp=0x000000001ecbb238 mode 1
Event: 36.030 Executing VM operation: RedefineClasses
Event: 36.032 Executing VM operation: RedefineClasses done


Dynamic libraries:
0x00007ff686f80000 - 0x00007ff686fb7000 	D:\java\bin\javaw.exe
0x00007ffbeaa80000 - 0x00007ffbeac61000 	C:\WINDOWS\SYSTEM32\ntdll.dll
0x00007ffbe87a0000 - 0x00007ffbe8852000 	C:\WINDOWS\System32\KERNEL32.DLL
0x00007ffbe75b0000 - 0x00007ffbe7823000 	C:\WINDOWS\System32\KERNELBASE.dll
0x00007ffbe83b0000 - 0x00007ffbe8451000 	C:\WINDOWS\System32\ADVAPI32.dll
0x00007ffbe8480000 - 0x00007ffbe851e000 	C:\WINDOWS\System32\msvcrt.dll
0x00007ffbe8fb0000 - 0x00007ffbe900b000 	C:\WINDOWS\System32\sechost.dll
0x00007ffbe80f0000 - 0x00007ffbe8214000 	C:\WINDOWS\System32\RPCRT4.dll
0x00007ffbe8610000 - 0x00007ffbe87a0000 	C:\WINDOWS\System32\USER32.dll
0x00007ffbe7260000 - 0x00007ffbe7280000 	C:\WINDOWS\System32\win32u.dll
0x00007ffbe95e0000 - 0x00007ffbe9608000 	C:\WINDOWS\System32\GDI32.dll
0x00007ffbe7410000 - 0x00007ffbe75a2000 	C:\WINDOWS\System32\gdi32full.dll
0x00007ffbe7280000 - 0x00007ffbe731f000 	C:\WINDOWS\System32\msvcp_win.dll
0x00007ffbe78f0000 - 0x00007ffbe79ea000 	C:\WINDOWS\System32\ucrtbase.dll
0x00007ffbd0090000 - 0x00007ffbd02f9000 	C:\WINDOWS\WinSxS\amd64_microsoft.windows.common-controls_6595b64144ccf1df_6.0.17134.1_none_e4da93291059d8fb\COMCTL32.dll
0x00007ffbe90e0000 - 0x00007ffbe9403000 	C:\WINDOWS\System32\combase.dll
0x00007ffbe7a40000 - 0x00007ffbe7aba000 	C:\WINDOWS\System32\bcryptPrimitives.dll
0x00007ffbe7ef0000 - 0x00007ffbe7f1d000 	C:\WINDOWS\System32\IMM32.DLL
0x00000000775c0000 - 0x0000000077692000 	D:\java\jre\bin\msvcr100.dll
0x0000000077770000 - 0x0000000077ff9000 	D:\java\jre\bin\server\jvm.dll
0x00007ffbe73e0000 - 0x00007ffbe7403000 	C:\WINDOWS\System32\WINMM.dll
0x00007ffbe6b20000 - 0x00007ffbe6b4a000 	C:\WINDOWS\System32\WINMMBASE.dll
0x00007ffbe7ac0000 - 0x00007ffbe7b09000 	C:\WINDOWS\System32\cfgmgr32.dll
0x00007ffbe9020000 - 0x00007ffbe9028000 	C:\WINDOWS\System32\PSAPI.DLL
0x00007ffbd7f10000 - 0x00007ffbd7f19000 	C:\WINDOWS\SYSTEM32\WSOCK32.dll
0x00007ffbe7f20000 - 0x00007ffbe7f8c000 	C:\WINDOWS\System32\WS2_32.dll
0x00007ffbe0bf0000 - 0x00007ffbe0bfa000 	C:\WINDOWS\SYSTEM32\VERSION.dll
0x00000000501a0000 - 0x00000000501af000 	D:\java\jre\bin\verify.dll
0x0000000050170000 - 0x0000000050199000 	D:\java\jre\bin\java.dll
0x00000000774e0000 - 0x0000000077515000 	D:\java\jre\bin\jdwp.dll
0x00000000774d0000 - 0x00000000774d8000 	D:\java\jre\bin\npt.dll
0x0000000077160000 - 0x0000000077183000 	D:\java\jre\bin\instrument.dll
0x0000000050150000 - 0x0000000050166000 	D:\java\jre\bin\zip.dll
0x00007ffbe9610000 - 0x00007ffbeaa50000 	C:\WINDOWS\System32\SHELL32.dll
0x00007ffbe9030000 - 0x00007ffbe90d9000 	C:\WINDOWS\System32\shcore.dll
0x00007ffbe6b50000 - 0x00007ffbe725d000 	C:\WINDOWS\System32\windows.storage.dll
0x00007ffbe9500000 - 0x00007ffbe9551000 	C:\WINDOWS\System32\shlwapi.dll
0x00007ffbe6ae0000 - 0x00007ffbe6af1000 	C:\WINDOWS\System32\kernel.appcore.dll
0x00007ffbe6ab0000 - 0x00007ffbe6acf000 	C:\WINDOWS\System32\profapi.dll
0x00007ffbe79f0000 - 0x00007ffbe7a3c000 	C:\WINDOWS\System32\powrprof.dll
0x00007ffbe6ad0000 - 0x00007ffbe6ada000 	C:\WINDOWS\System32\FLTLIB.DLL
0x00000000774c0000 - 0x00000000774c9000 	D:\java\jre\bin\dt_socket.dll
0x00007ffbc4530000 - 0x00007ffbc4546000 	C:\WINDOWS\system32\napinsp.dll
0x00007ffbc4510000 - 0x00007ffbc452a000 	C:\WINDOWS\system32\pnrpnsp.dll
0x00007ffbe3410000 - 0x00007ffbe3429000 	C:\WINDOWS\system32\NLAapi.dll
0x00007ffbe6310000 - 0x00007ffbe6376000 	C:\WINDOWS\System32\mswsock.dll
0x00007ffbe60d0000 - 0x00007ffbe618e000 	C:\WINDOWS\SYSTEM32\DNSAPI.dll
0x00007ffbe9010000 - 0x00007ffbe9018000 	C:\WINDOWS\System32\NSI.dll
0x00007ffbe6090000 - 0x00007ffbe60c8000 	C:\WINDOWS\SYSTEM32\IPHLPAPI.DLL
0x00007ffbd8350000 - 0x00007ffbd835e000 	C:\WINDOWS\System32\winrnr.dll
0x00007ffbe0bc0000 - 0x00007ffbe0bd5000 	C:\WINDOWS\System32\wshbth.dll
0x00007ffbd8a80000 - 0x00007ffbd8af2000 	C:\WINDOWS\System32\fwpuclnt.dll
0x00007ffbe65f0000 - 0x00007ffbe6615000 	C:\WINDOWS\SYSTEM32\bcrypt.dll
0x00007ffbd7e80000 - 0x00007ffbd7e8a000 	C:\Windows\System32\rasadhlp.dll
0x0000000050130000 - 0x000000005014a000 	D:\java\jre\bin\net.dll
0x00007ffbd2da0000 - 0x00007ffbd2f69000 	C:\WINDOWS\SYSTEM32\dbghelp.dll

VM Arguments:
jvm_args: -agentlib:jdwp=transport=dt_socket,suspend=y,address=localhost:65089 -ea -javaagent:D:\sts-4.0.0.RELEASE\configuration\org.eclipse.osgi\235\0\.cp\lib\javaagent-shaded.jar -Dfile.encoding=UTF-8 
java_command: org.eclipse.jdt.internal.junit.runner.RemoteTestRunner -version 3 -port 65088 -testLoaderClass org.eclipse.jdt.internal.junit4.runner.JUnit4TestLoader -loaderpluginname org.eclipse.jdt.junit4.runtime -test com.jvm.source.b.NodeTest:s
java_class_path (initial): D:\nanaz_wk\jvm\target\test-classes;D:\nanaz_wk\jvm\target\classes;C:\Users\Administrator\.m2\repository\org\apache\commons\commons-lang3\3.8\commons-lang3-3.8.jar;C:\Users\Administrator\.m2\repository\org\openjdk\jol\jol-core\0.9\jol-core-0.9.jar;C:\Users\Administrator\.m2\repository\commons-beanutils\commons-beanutils\1.9.3\commons-beanutils-1.9.3.jar;C:\Users\Administrator\.m2\repository\commons-logging\commons-logging\1.2\commons-logging-1.2.jar;C:\Users\Administrator\.m2\repository\commons-collections\commons-collections\3.2.2\commons-collections-3.2.2.jar;C:\Users\Administrator\.m2\repository\com\fasterxml\jackson\core\jackson-databind\2.9.7\jackson-databind-2.9.7.jar;C:\Users\Administrator\.m2\repository\com\fasterxml\jackson\core\jackson-core\2.9.7\jackson-core-2.9.7.jar;C:\Users\Administrator\.m2\repository\com\fasterxml\jackson\core\jackson-annotations\2.9.0\jackson-annotations-2.9.0.jar;C:\Users\Administrator\.m2\repository\junit\junit\4.12\junit-4.12.jar;C:\Users\Administrator\.m2\repository\org\hamcrest\hamcrest-core\1.3\hamcrest-core-1.3.jar;D:\sts-4.0.0.RELEASE\configuration\org.eclipse.osgi\233\0\.cp;D:\sts-4.0.0.RELEASE\configuration\org.eclipse.osgi\232\0\.cp;D:\sts-4.0.0.RELEASE\configuration\org.eclipse.osgi\235\0\.cp\lib\javaagent-shaded.jar
Launcher Type: SUN_STANDARD

Environment Variables:
JAVA_HOME=d:\java
CLASSPATH=.;d:\java\jre\lib;d:\java\jre\lib\ext
PATH=D:\java\jre\bin;d:/java/bin/../jre/bin/server;d:/java/bin/../jre/bin;d:/java/bin/../jre/lib/amd64;D:\Program Files (x86)\NetSarang\Xftp 6\;D:\Program Files (x86)\NetSarang\Xshell 6\;C:\Program Files (x86)\Intel\Intel(R) Management Engine Components\iCLS\;C:\Program Files\Intel\Intel(R) Management Engine Components\iCLS\;C:\WINDOWS\system32;C:\WINDOWS;C:\WINDOWS\System32\Wbem;C:\WINDOWS\System32\WindowsPowerShell\v1.0\;C:\Program Files (x86)\Intel\Intel(R) Management Engine Components\DAL;C:\Program Files\Intel\Intel(R) Management Engine Components\DAL;C:\Program Files (x86)\Intel\Intel(R) Management Engine Components\IPT;C:\Program Files\Intel\Intel(R) Management Engine Components\IPT;D:\gradle-4.1\bin;D:\Program Files (x86)\Subversion\bin;D:\Program Files\TortoiseSVN\bin;D:\Program Files\Git\cmd;D:\Program Files\TortoiseGit\bin;C:\WINDOWS\System32\OpenSSH\;D:\go\bin;C:\Program Files\nodejs\;d:\java\bin;d:\java\jre\bin;D:\kotlinc\bin;C:\Program Files (x86)\SSH Communications Security\SSH Secure Shell;D:\maven\bin;C:\Users\Administrator\AppData\Roaming\npm\node_modules\less\bin;C:\Users\Administrator\AppData\Local\Microsoft\WindowsApps;;C:\Users\Administrator\AppData\Local\Programs\Microsoft VS Code\bin;C:\Users\Administrator\AppData\Local\Programs\Python\Python37;C:\Users\Administrator\AppData\Local\Programs\Python\Python37\Scripts;C:\Users\Administrator\AppData\Roaming\npm;I:\ProgramFiles\MinGW\bin;;D:\sts-4.0.0.RELEASE;
USERNAME=Administrator
OS=Windows_NT
PROCESSOR_IDENTIFIER=Intel64 Family 6 Model 158 Stepping 10, GenuineIntel



---------------  S Y S T E M  ---------------

OS: Windows 10.0 , 64 bit Build 17134 (10.0.17134.1)

CPU:total 6 (6 cores per cpu, 1 threads per core) family 6 model 158 stepping 10, cmov, cx8, fxsr, mmx, sse, sse2, sse3, ssse3, sse4.1, sse4.2, popcnt, avx, avx2, aes, clmul, erms, 3dnowpref, lzcnt, tsc, tscinvbit, bmi1, bmi2, adx

Memory: 4k page, physical 16653692k(10377372k free), swap 18722168k(11204848k free)

vm_info: Java HotSpot(TM) 64-Bit Server VM (25.65-b01) for windows-amd64 JRE (1.8.0_65-b17), built on Oct  6 2015 16:39:20 by "java_re" with MS VC++ 10.0 (VS2010)

time: Sat Feb 01 13:30:48 2020
elapsed time: 36 seconds (0d 0h 0m 36s)

